2023-05-21 19:56:03 [scrapy.utils.log] INFO: Scrapy 2.8.0 started (bot: lab6)
2023-05-21 19:56:04 [scrapy.utils.log] INFO: Versions: lxml 4.9.2.0, libxml2 2.9.12, cssselect 1.2.0, parsel 1.7.0, w3lib 2.1.1, Twisted 22.10.0, Python 3.10.7 (tags/v3.10.7:6cc6b13, Sep  5 2022, 14:08:36) [MSC v.1933 64 bit (AMD64)], pyOpenSSL 23.0.0 (OpenSSL 3.0.8 7 Feb 2023), cryptography 39.0.1, Platform Windows-10-10.0.19045-SP0
2023-05-21 19:56:04 [scrapy.crawler] INFO: Overridden settings:
{'BOT_NAME': 'lab6',
 'FEED_EXPORT_ENCODING': 'utf-8',
 'LOG_FILE': 'logs\\lab6\\rozetka\\5be4c693f7f811edb4a054ee7514c1c1.log',
 'NEWSPIDER_MODULE': 'lab6.spiders',
 'REQUEST_FINGERPRINTER_IMPLEMENTATION': '2.7',
 'SPIDER_MODULES': ['lab6.spiders'],
 'TWISTED_REACTOR': 'twisted.internet.asyncioreactor.AsyncioSelectorReactor',
 'USER_AGENT': 'Mozilla/5.0 (Windows NT 10.0; Win64; x64) AppleWebKit/537.36 '
               '(KHTML, like Gecko) Chrome/110.0.0.0 Safari/537.36'}
2023-05-21 19:56:04 [asyncio] DEBUG: Using selector: SelectSelector
2023-05-21 19:56:04 [scrapy.utils.log] DEBUG: Using reactor: twisted.internet.asyncioreactor.AsyncioSelectorReactor
2023-05-21 19:56:04 [scrapy.utils.log] DEBUG: Using asyncio event loop: asyncio.windows_events._WindowsSelectorEventLoop
2023-05-21 19:56:04 [scrapy.extensions.telnet] INFO: Telnet Password: a01d9fa7b4b1b751
2023-05-21 19:56:04 [scrapy.middleware] INFO: Enabled extensions:
['scrapy.extensions.corestats.CoreStats',
 'scrapy.extensions.telnet.TelnetConsole',
 'scrapy.extensions.logstats.LogStats',
 'scrapeops_scrapy.extension.ScrapeOpsMonitor']
2023-05-21 19:56:04 [scrapy.middleware] INFO: Enabled downloader middlewares:
['scrapy.downloadermiddlewares.httpauth.HttpAuthMiddleware',
 'scrapy.downloadermiddlewares.downloadtimeout.DownloadTimeoutMiddleware',
 'scrapy.downloadermiddlewares.defaultheaders.DefaultHeadersMiddleware',
 'scrapy.downloadermiddlewares.useragent.UserAgentMiddleware',
 'scrapy.downloadermiddlewares.retry.RetryMiddleware',
 'scrapy.downloadermiddlewares.redirect.MetaRefreshMiddleware',
 'scrapy.downloadermiddlewares.httpcompression.HttpCompressionMiddleware',
 'scrapy.downloadermiddlewares.redirect.RedirectMiddleware',
 'scrapy.downloadermiddlewares.cookies.CookiesMiddleware',
 'scrapy.downloadermiddlewares.httpproxy.HttpProxyMiddleware',
 'scrapy.downloadermiddlewares.stats.DownloaderStats']
2023-05-21 19:56:04 [scrapy.middleware] INFO: Enabled spider middlewares:
['scrapy.spidermiddlewares.httperror.HttpErrorMiddleware',
 'scrapy.spidermiddlewares.offsite.OffsiteMiddleware',
 'scrapy.spidermiddlewares.referer.RefererMiddleware',
 'scrapy.spidermiddlewares.urllength.UrlLengthMiddleware',
 'scrapy.spidermiddlewares.depth.DepthMiddleware']
2023-05-21 19:56:04 [scrapy.middleware] INFO: Enabled item pipelines:
[]
2023-05-21 19:56:04 [scrapy.core.engine] INFO: Spider opened
2023-05-21 19:56:05 [scrapy.extensions.logstats] INFO: Crawled 0 pages (at 0 pages/min), scraped 0 items (at 0 items/min)
2023-05-21 19:56:05 [urllib3.connectionpool] DEBUG: Starting new HTTPS connection (1): api.scrapeops.io:443
2023-05-21 19:56:05 [urllib3.connectionpool] DEBUG: https://api.scrapeops.io:443 "POST /api/v1/setup/ HTTP/1.1" 401 21
2023-05-21 19:56:05 [scrapy.extensions.telnet] INFO: Telnet console listening on 127.0.0.1:6023
2023-05-21 19:56:05 [urllib3.connectionpool] DEBUG: Starting new HTTPS connection (1): api.scrapeops.io:443
2023-05-21 19:56:05 [urllib3.connectionpool] DEBUG: https://api.scrapeops.io:443 "POST /api/v1/normalizer/domain/?domain=rozetka.com.ua HTTP/1.1" 401 21
2023-05-21 19:56:06 [scrapy.downloadermiddlewares.redirect] DEBUG: Redirecting (302) to <GET https://rozetka.com.ua/ua/grafic-tablets/c83199/> from <GET https://rozetka.com.ua/grafic-tablets/c83199/>
2023-05-21 19:56:07 [scrapy.core.engine] DEBUG: Crawled (200) <GET https://rozetka.com.ua/ua/grafic-tablets/c83199/> (referer: None)
2023-05-21 19:56:08 [scrapy.core.scraper] DEBUG: Scraped from <200 https://rozetka.com.ua/ua/grafic-tablets/c83199/>
{'image_urls': 'https://content2.rozetka.com.ua/goods/images/big_tile/320939303.jpg',
 'name': '',
 'price': '2\xa0699',
 'url': 'https://rozetka.com.ua/ua/huion_h640p/p27885953/'}
2023-05-21 19:56:08 [scrapy.core.scraper] DEBUG: Scraped from <200 https://rozetka.com.ua/ua/grafic-tablets/c83199/>
{'image_urls': 'https://content2.rozetka.com.ua/goods/images/big_tile/12233025.jpg',
 'name': '',
 'price': '4\xa0437',
 'url': 'https://rozetka.com.ua/ua/wacom_intuos_s_ctl_4100k_n/p46757080/'}
2023-05-21 19:56:08 [scrapy.core.scraper] DEBUG: Scraped from <200 https://rozetka.com.ua/ua/grafic-tablets/c83199/>
{'image_urls': 'https://content1.rozetka.com.ua/goods/images/big_tile/180135314.jpg',
 'name': '',
 'price': '685',
 'url': 'https://rozetka.com.ua/ua/beiens_zj15cpink/p298847543/'}
2023-05-21 19:56:08 [scrapy.core.scraper] DEBUG: Scraped from <200 https://rozetka.com.ua/ua/grafic-tablets/c83199/>
{'image_urls': 'https://content.rozetka.com.ua/goods/images/big_tile/292803874.jpg',
 'name': '',
 'price': '1\xa0596',
 'url': 'https://rozetka.com.ua/ua/xp-pen-deco-fun-xs-bk/p357046974/'}
2023-05-21 19:56:08 [scrapy.core.scraper] DEBUG: Scraped from <200 https://rozetka.com.ua/ua/grafic-tablets/c83199/>
{'image_urls': 'https://content1.rozetka.com.ua/goods/images/big_tile/16433098.jpg',
 'name': '',
 'price': '12\xa0212',
 'url': 'https://rozetka.com.ua/ua/wacom_pth460k0b/p110760892/'}
2023-05-21 19:56:08 [scrapy.core.scraper] DEBUG: Scraped from <200 https://rozetka.com.ua/ua/grafic-tablets/c83199/>
{'image_urls': 'https://content1.rozetka.com.ua/goods/images/big_tile/149935242.jpg',
 'name': '',
 'price': '399',
 'url': 'https://rozetka.com.ua/ua/lcd_pad_6910010113031/p256023896/'}
2023-05-21 19:56:08 [scrapy.core.scraper] DEBUG: Scraped from <200 https://rozetka.com.ua/ua/grafic-tablets/c83199/>
{'image_urls': 'https://content2.rozetka.com.ua/goods/images/big_tile/11434030.jpg',
 'name': '',
 'price': '1\xa0889',
 'url': 'https://rozetka.com.ua/ua/huion_h420/p27877929/'}
2023-05-21 19:56:08 [scrapy.core.scraper] DEBUG: Scraped from <200 https://rozetka.com.ua/ua/grafic-tablets/c83199/>
{'image_urls': 'https://content1.rozetka.com.ua/goods/images/big_tile/114780714.jpg',
 'name': '',
 'price': '22\xa0867',
 'url': 'https://rozetka.com.ua/ua/wacom_dtc133w0b/p179526978/'}
2023-05-21 19:56:08 [scrapy.core.scraper] DEBUG: Scraped from <200 https://rozetka.com.ua/ua/grafic-tablets/c83199/>
{'image_urls': 'https://content2.rozetka.com.ua/goods/images/big_tile/54960386.jpg',
 'name': '',
 'price': '5\xa0292',
 'url': 'https://rozetka.com.ua/ua/wacom_ctl_672_n/p24751335/'}
2023-05-21 19:56:08 [scrapy.core.scraper] DEBUG: Scraped from <200 https://rozetka.com.ua/ua/grafic-tablets/c83199/>
{'image_urls': 'https://content2.rozetka.com.ua/goods/images/big_tile/197496351.jpg',
 'name': '',
 'price': '3\xa0999',
 'url': 'https://rozetka.com.ua/ua/veikk_a15/p312349444/'}
2023-05-21 19:56:08 [scrapy.core.scraper] ERROR: Spider error processing <GET https://rozetka.com.ua/ua/grafic-tablets/c83199/> (referer: None)
Traceback (most recent call last):
  File "C:\Python310\lib\site-packages\scrapy\utils\defer.py", line 257, in iter_errback
    yield next(it)
  File "C:\Python310\lib\site-packages\scrapy\utils\python.py", line 312, in __next__
    return next(self.data)
  File "C:\Python310\lib\site-packages\scrapy\utils\python.py", line 312, in __next__
    return next(self.data)
  File "C:\Python310\lib\site-packages\scrapy\core\spidermw.py", line 104, in process_sync
    for r in iterable:
  File "C:\Python310\lib\site-packages\scrapy\spidermiddlewares\offsite.py", line 28, in <genexpr>
    return (r for r in result or () if self._filter(r, spider))
  File "C:\Python310\lib\site-packages\scrapy\core\spidermw.py", line 104, in process_sync
    for r in iterable:
  File "C:\Python310\lib\site-packages\scrapy\spidermiddlewares\referer.py", line 353, in <genexpr>
    return (self._set_referer(r, response) for r in result or ())
  File "C:\Python310\lib\site-packages\scrapy\core\spidermw.py", line 104, in process_sync
    for r in iterable:
  File "C:\Python310\lib\site-packages\scrapy\spidermiddlewares\urllength.py", line 27, in <genexpr>
    return (r for r in result or () if self._filter(r, spider))
  File "C:\Python310\lib\site-packages\scrapy\core\spidermw.py", line 104, in process_sync
    for r in iterable:
  File "C:\Python310\lib\site-packages\scrapy\spidermiddlewares\depth.py", line 31, in <genexpr>
    return (r for r in result or () if self._filter(r, response, spider))
  File "C:\Python310\lib\site-packages\scrapy\core\spidermw.py", line 104, in process_sync
    for r in iterable:
  File "D:\Data Scraping\lab6\lab6\spiders\rozetka.py", line 21, in parse
    image_url = item.find(name="img" ,class_ ="ng-lazyloaded").get("src")
AttributeError: 'NoneType' object has no attribute 'get'
2023-05-21 19:56:08 [scrapy.core.engine] INFO: Closing spider (finished)
2023-05-21 19:56:08 [urllib3.connectionpool] DEBUG: Starting new HTTPS connection (1): api.scrapeops.io:443
2023-05-21 19:56:08 [urllib3.connectionpool] DEBUG: https://api.scrapeops.io:443 "POST /api/v1/setup/ HTTP/1.1" 401 21
2023-05-21 19:56:08 [scrapy.statscollectors] INFO: Dumping Scrapy stats:
{'downloader/request_bytes': 832,
 'downloader/request_count': 2,
 'downloader/request_method_count/GET': 2,
 'downloader/response_bytes': 106676,
 'downloader/response_count': 2,
 'downloader/response_status_count/200': 1,
 'downloader/response_status_count/302': 1,
 'elapsed_time_seconds': 3.016045,
 'finish_reason': 'finished',
 'finish_time': datetime.datetime(2023, 5, 21, 16, 56, 8, 355331),
 'httpcompression/response_bytes': 1184732,
 'httpcompression/response_count': 1,
 'item_scraped_count': 10,
 'log_count/DEBUG': 21,
 'log_count/ERROR': 1,
 'log_count/INFO': 10,
 'response_received_count': 1,
 'scheduler/dequeued': 2,
 'scheduler/dequeued/memory': 2,
 'scheduler/enqueued': 2,
 'scheduler/enqueued/memory': 2,
 'spider_exceptions/AttributeError': 1,
 'start_time': datetime.datetime(2023, 5, 21, 16, 56, 5, 339286)}
2023-05-21 19:56:08 [scrapy.core.engine] INFO: Spider closed (finished)
